2018-11-23T12:33:16+01:00 [[31merror[39m]: uncaughtException: тип Unable to compile TypeScript:
src/api/API.ts(1,24): error TS2306: File '/home/clement/DEV/Crypto/influx-crypto-watcher/src/types/index.d.ts' is not a module.

TSError: тип Unable to compile TypeScript:
src/api/API.ts(1,24): error TS2306: File '/home/clement/DEV/Crypto/influx-crypto-watcher/src/types/index.d.ts' is not a module.

    at createTSError (/home/clement/DEV/Crypto/influx-crypto-watcher/node_modules/ts-node/src/index.ts:261:12)
    at getOutput (/home/clement/DEV/Crypto/influx-crypto-watcher/node_modules/ts-node/src/index.ts:367:40)
    at Object.compile (/home/clement/DEV/Crypto/influx-crypto-watcher/node_modules/ts-node/src/index.ts:558:11)
    at Module.m._compile (/home/clement/DEV/Crypto/influx-crypto-watcher/node_modules/ts-node/src/index.ts:439:43)
    at Module._extensions..js (internal/modules/cjs/loader.js:700:10)
    at Object.require.extensions.(anonymous function) [as .ts] (/home/clement/DEV/Crypto/influx-crypto-watcher/node_modules/ts-node/src/index.ts:442:12)
    at Module.load (internal/modules/cjs/loader.js:599:32)
    at tryModuleLoad (internal/modules/cjs/loader.js:538:12)
    at Function.Module._load (internal/modules/cjs/loader.js:530:3)
    at Module.require (internal/modules/cjs/loader.js:637:17)
    at require (internal/modules/cjs/helpers.js:20:18)
    at Object.<anonymous> (/home/clement/DEV/Crypto/influx-crypto-watcher/src/index.ts:6:1)
    at Module._compile (internal/modules/cjs/loader.js:689:30)
    at Module.m._compile (/home/clement/DEV/Crypto/influx-crypto-watcher/node_modules/ts-node/src/index.ts:439:23)
    at Module._extensions..js (internal/modules/cjs/loader.js:700:10)
    at Object.require.extensions.(anonymous function) [as .ts] (/home/clement/DEV/Crypto/influx-crypto-watcher/node_modules/ts-node/src/index.ts:442:12)
TSError: тип Unable to compile TypeScript:
src/api/API.ts(1,24): error TS2306: File '/home/clement/DEV/Crypto/influx-crypto-watcher/src/types/index.d.ts' is not a module.

    at createTSError (/home/clement/DEV/Crypto/influx-crypto-watcher/node_modules/ts-node/src/index.ts:261:12)
    at getOutput (/home/clement/DEV/Crypto/influx-crypto-watcher/node_modules/ts-node/src/index.ts:367:40)
    at Object.compile (/home/clement/DEV/Crypto/influx-crypto-watcher/node_modules/ts-node/src/index.ts:558:11)
    at Module.m._compile (/home/clement/DEV/Crypto/influx-crypto-watcher/node_modules/ts-node/src/index.ts:439:43)
    at Module._extensions..js (internal/modules/cjs/loader.js:700:10)
    at Object.require.extensions.(anonymous function) [as .ts] (/home/clement/DEV/Crypto/influx-crypto-watcher/node_modules/ts-node/src/index.ts:442:12)
    at Module.load (internal/modules/cjs/loader.js:599:32)
    at tryModuleLoad (internal/modules/cjs/loader.js:538:12)
    at Function.Module._load (internal/modules/cjs/loader.js:530:3)
    at Module.require (internal/modules/cjs/loader.js:637:17)
    at require (internal/modules/cjs/helpers.js:20:18)
    at Object.<anonymous> (/home/clement/DEV/Crypto/influx-crypto-watcher/src/index.ts:6:1)
    at Module._compile (internal/modules/cjs/loader.js:689:30)
    at Module.m._compile (/home/clement/DEV/Crypto/influx-crypto-watcher/node_modules/ts-node/src/index.ts:439:23)
    at Module._extensions..js (internal/modules/cjs/loader.js:700:10)
    at Object.require.extensions.(anonymous function) [as .ts] (/home/clement/DEV/Crypto/influx-crypto-watcher/node_modules/ts-node/src/index.ts:442:12)

